<?xml version="1.0" encoding="UTF-8"?>
<testsuite name="br.com.techthordev.section_05.exercises.PositiveNegativeOrZeroTest" tests="8" skipped="0" failures="0" errors="0" timestamp="2026-01-10T17:57:54.404Z" hostname="tfeydev" time="0.044">
  <properties/>
  <testcase name="Input: &quot;5&quot; -&gt; Expected: &quot;positive&quot;" classname="br.com.techthordev.section_05.exercises.PositiveNegativeOrZeroTest" time="0.032"/>
  <testcase name="Input: &quot;-10&quot; -&gt; Expected: &quot;negative&quot;" classname="br.com.techthordev.section_05.exercises.PositiveNegativeOrZeroTest" time="0.001"/>
  <testcase name="Input: &quot;0&quot; -&gt; Expected: &quot;zero&quot;" classname="br.com.techthordev.section_05.exercises.PositiveNegativeOrZeroTest" time="0.001"/>
  <testcase name="Input: &quot;1&quot; -&gt; Expected: &quot;positive&quot;" classname="br.com.techthordev.section_05.exercises.PositiveNegativeOrZeroTest" time="0.0"/>
  <testcase name="Input: &quot;-1&quot; -&gt; Expected: &quot;negative&quot;" classname="br.com.techthordev.section_05.exercises.PositiveNegativeOrZeroTest" time="0.001"/>
  <testcase name="Input: &quot;999&quot; -&gt; Expected: &quot;positive&quot;" classname="br.com.techthordev.section_05.exercises.PositiveNegativeOrZeroTest" time="0.001"/>
  <testcase name="Input: &quot;-999&quot; -&gt; Expected: &quot;negative&quot;" classname="br.com.techthordev.section_05.exercises.PositiveNegativeOrZeroTest" time="0.0"/>
  <testcase name="Test Case: Checking minimum negative int value" classname="br.com.techthordev.section_05.exercises.PositiveNegativeOrZeroTest" time="0.001"/>
  <system-out><![CDATA[]]></system-out>
  <system-err><![CDATA[]]></system-err>
</testsuite>
